<?xml version="1.0" encoding="UTF-8"?>
<!-- Generated by org.testng.reporters.JUnitReportReporter -->
<testsuite skipped="0" hostname="LENOVO-PC" name="AngularApps.AngularApps.CalTest" tests="1" failures="0" timestamp="2020-10-21T11:19:56 IST" time="2.482" errors="0">
  <testcase name="sumTest" time="2.482" classname="AngularApps.AngularApps.CalTest"/>
  <system-out/>
</testsuite> <!-- AngularApps.AngularApps.CalTest -->
